<?xml version="1.0" encoding="UTF-8"?>
<!-- Generated by org.testng.reporters.JUnitReportReporter -->
<testsuite skipped="0" hostname="DESKTOP-GTA7F1B" name="TestCaseExecution.CheckfoValidLinks" tests="1" failures="0" timestamp="2020-04-03T11:56:24 IST" time="26.761" errors="0">
  <testcase name="test" time="26.761" classname="TestCaseExecution.CheckfoValidLinks"/>
</testsuite> <!-- TestCaseExecution.CheckfoValidLinks -->
